<?xml version="1.0" encoding="utf-8"?>
<component size="1334,750">
  <displayList>
    <graph id="n3_i04b" name="n3" xy="0,0" size="1334,750" type="rect" lineSize="0">
      <relation target="" sidePair="width-width,height-height"/>
    </graph>
    <text id="n0_i04b" name="n0" xy="564,128" size="206,75" fontSize="35" autoSize="none" text="test-scene2">
      <relation target="" sidePair="center-center,middle-middle"/>
    </text>
    <component id="n1_i04b" name="backBtn" src="i04b6" fileName="Button.xml" xy="610,436">
      <Button title="返回"/>
    </component>
    <text id="n2_i04b" name="timer" xy="659,310" size="10,39" fontSize="35" text="">
      <relation target="" sidePair="center-center,middle-middle"/>
    </text>
  </displayList>
</component>